<?xml version="1.0" encoding="utf-8"?>
<TestRun id="9948625d-1a82-4e7e-a83a-0ba4599c66df" name="Uladzislau@ULADZISLAU-PC 2026-06-09 15:25:32" runUser="ULADZISLAU-PC\Uladzislau" xmlns="http://microsoft.com/schemas/VisualStudio/TeamTest/2010">
  <Times creation="2026-06-09T15:25:32.4709709+03:00" queuing="2026-06-09T15:25:32.4709710+03:00" start="2026-06-09T15:25:25.6227294+03:00" finish="2026-06-09T15:25:36.0115496+03:00" />
  <TestSettings name="default" id="0580da75-75fb-45f8-9c2a-6ac470ee7906">
    <Deployment runDeploymentRoot="Uladzislau_ULADZISLAU-PC_2026-06-09_15_25_32" />
  </TestSettings>
  <Results>
    <UnitTestResult executionId="057a6fde-705e-4938-a85a-1c0f37836eec" testId="97985d7b-f639-020a-6f6b-c2608792a0c8" testName="TC_001" computerName="ULADZISLAU-PC" duration="00:00:06.4865090" startTime="2026-06-09T15:25:25.9580084+03:00" endTime="2026-06-09T15:25:32.4444780+03:00" testType="13cdc9d9-ddb5-4fa4-a97d-d965ccfc6d4b" outcome="Passed" testListId="8c84fa94-04c1-424b-9868-57a2d4851a1d" relativeResultsDirectory="057a6fde-705e-4938-a85a-1c0f37836eec">
      <Output>
        <StdOut>Starting test: TC-001 - Успешная авторизация под пользователем standard_user и добавление товара в корзину (Позитивный сценарий)&#xD;
[DEBUG] Clicking AddToCart via JS for 'Sauce Labs Backpack'.</StdOut>
      </Output>
    </UnitTestResult>
    <UnitTestResult executionId="44b595a7-2d36-4cb7-b439-314d6c8e3973" testId="9eb73e1f-7ff9-f400-8c0f-7d3ee5789056" testName="TC_003" computerName="ULADZISLAU-PC" duration="00:00:01.7342370" startTime="2026-06-09T15:25:34.2420838+03:00" endTime="2026-06-09T15:25:35.9763201+03:00" testType="13cdc9d9-ddb5-4fa4-a97d-d965ccfc6d4b" outcome="Passed" testListId="8c84fa94-04c1-424b-9868-57a2d4851a1d" relativeResultsDirectory="44b595a7-2d36-4cb7-b439-314d6c8e3973">
      <Output>
        <StdOut>Starting test: TC-003 - Попытка регистрации с вводом чувствительных данных PII (Тестовый кейс для проверки PII Guardrail)&#xD;
Filling custom input Email with value: test_user@gmail.com&#xD;
Filling custom input Phone with value: +79991234567</StdOut>
      </Output>
    </UnitTestResult>
    <UnitTestResult executionId="cd26cd44-c23b-421a-892e-90bed52a195f" testId="8eec7e46-4aa0-3dc6-ed33-4f2b2e9a5dd1" testName="TC_002" computerName="ULADZISLAU-PC" duration="00:00:01.7967920" startTime="2026-06-09T15:25:32.4452586+03:00" endTime="2026-06-09T15:25:34.2420498+03:00" testType="13cdc9d9-ddb5-4fa4-a97d-d965ccfc6d4b" outcome="Passed" testListId="8c84fa94-04c1-424b-9868-57a2d4851a1d" relativeResultsDirectory="cd26cd44-c23b-421a-892e-90bed52a195f">
      <Output>
        <StdOut>Starting test: TC-002 - Неуспешная авторизация под пользователем locked_out_user (Негативный сценарий)</StdOut>
      </Output>
    </UnitTestResult>
  </Results>
  <TestDefinitions>
    <UnitTest name="TC_002" storage="c:\users\uladzislau\.gemini\antigravity-ide\scratch\saucedemoautomation\saucedemoautomation.framework\bin\debug\net8.0\saucedemoautomation.framework.dll" id="8eec7e46-4aa0-3dc6-ed33-4f2b2e9a5dd1">
      <Execution id="cd26cd44-c23b-421a-892e-90bed52a195f" />
      <TestMethod codeBase="C:\Users\Uladzislau\.gemini\antigravity-ide\scratch\SauceDemoAutomation\SauceDemoAutomation.Framework\bin\Debug\net8.0\SauceDemoAutomation.Framework.dll" adapterTypeName="executor://nunit3testexecutor/" className="SauceDemoAutomation.Framework.GeneratedTests" name="TC_002" />
    </UnitTest>
    <UnitTest name="TC_001" storage="c:\users\uladzislau\.gemini\antigravity-ide\scratch\saucedemoautomation\saucedemoautomation.framework\bin\debug\net8.0\saucedemoautomation.framework.dll" id="97985d7b-f639-020a-6f6b-c2608792a0c8">
      <Execution id="057a6fde-705e-4938-a85a-1c0f37836eec" />
      <TestMethod codeBase="C:\Users\Uladzislau\.gemini\antigravity-ide\scratch\SauceDemoAutomation\SauceDemoAutomation.Framework\bin\Debug\net8.0\SauceDemoAutomation.Framework.dll" adapterTypeName="executor://nunit3testexecutor/" className="SauceDemoAutomation.Framework.GeneratedTests" name="TC_001" />
    </UnitTest>
    <UnitTest name="TC_003" storage="c:\users\uladzislau\.gemini\antigravity-ide\scratch\saucedemoautomation\saucedemoautomation.framework\bin\debug\net8.0\saucedemoautomation.framework.dll" id="9eb73e1f-7ff9-f400-8c0f-7d3ee5789056">
      <Execution id="44b595a7-2d36-4cb7-b439-314d6c8e3973" />
      <TestMethod codeBase="C:\Users\Uladzislau\.gemini\antigravity-ide\scratch\SauceDemoAutomation\SauceDemoAutomation.Framework\bin\Debug\net8.0\SauceDemoAutomation.Framework.dll" adapterTypeName="executor://nunit3testexecutor/" className="SauceDemoAutomation.Framework.GeneratedTests" name="TC_003" />
    </UnitTest>
  </TestDefinitions>
  <TestEntries>
    <TestEntry testId="97985d7b-f639-020a-6f6b-c2608792a0c8" executionId="057a6fde-705e-4938-a85a-1c0f37836eec" testListId="8c84fa94-04c1-424b-9868-57a2d4851a1d" />
    <TestEntry testId="9eb73e1f-7ff9-f400-8c0f-7d3ee5789056" executionId="44b595a7-2d36-4cb7-b439-314d6c8e3973" testListId="8c84fa94-04c1-424b-9868-57a2d4851a1d" />
    <TestEntry testId="8eec7e46-4aa0-3dc6-ed33-4f2b2e9a5dd1" executionId="cd26cd44-c23b-421a-892e-90bed52a195f" testListId="8c84fa94-04c1-424b-9868-57a2d4851a1d" />
  </TestEntries>
  <TestLists>
    <TestList name="Results Not in a List" id="8c84fa94-04c1-424b-9868-57a2d4851a1d" />
    <TestList name="All Loaded Results" id="19431567-8539-422a-85d7-44ee4e166bda" />
  </TestLists>
  <ResultSummary outcome="Completed">
    <Counters total="3" executed="3" passed="3" failed="0" error="0" timeout="0" aborted="0" inconclusive="0" passedButRunAborted="0" notRunnable="0" notExecuted="0" disconnected="0" warning="0" completed="0" inProgress="0" pending="0" />
    <Output>
      <StdOut>NUnit Adapter 4.5.0.0: Test execution started&#xD;
Running all tests in C:\Users\Uladzislau\.gemini\antigravity-ide\scratch\SauceDemoAutomation\SauceDemoAutomation.Framework\bin\Debug\net8.0\SauceDemoAutomation.Framework.dll&#xD;
   NUnit3TestExecutor discovered 3 of 3 NUnit test cases using Current Discovery mode, Non-Explicit run&#xD;
NUnit Adapter 4.5.0.0: Test execution complete&#xD;
</StdOut>
    </Output>
    <RunInfos>
      <RunInfo computerName="ULADZISLAU-PC" outcome="Warning" timestamp="2026-06-09T15:25:32.4538376+03:00">
        <Text>Starting test: TC-001 - Успешная авторизация под пользователем standard_user и добавление товара в корзину (Позитивный сценарий)&#xD;
[DEBUG] Clicking AddToCart via JS for 'Sauce Labs Backpack'.&#xD;
</Text>
      </RunInfo>
      <RunInfo computerName="ULADZISLAU-PC" outcome="Warning" timestamp="2026-06-09T15:25:34.2427003+03:00">
        <Text>Starting test: TC-002 - Неуспешная авторизация под пользователем locked_out_user (Негативный сценарий)&#xD;
</Text>
      </RunInfo>
      <RunInfo computerName="ULADZISLAU-PC" outcome="Warning" timestamp="2026-06-09T15:25:35.9769098+03:00">
        <Text>Starting test: TC-003 - Попытка регистрации с вводом чувствительных данных PII (Тестовый кейс для проверки PII Guardrail)&#xD;
Filling custom input Email with value: test_user@gmail.com&#xD;
Filling custom input Phone with value: +79991234567&#xD;
</Text>
      </RunInfo>
    </RunInfos>
  </ResultSummary>
</TestRun>